<?xml version="1.0" encoding="UTF-8"?>
<!-- Generated by org.testng.reporters.JUnitReportReporter -->
<testsuite name="com.planittesting.tests.TestCase_01" tests="1" time="12.232" ignored="0" failures="0" timestamp="28 Feb 2021 05:01:06 GMT" skipped="0" hostname="DESKTOP-FNLAPM6" errors="0">
  <testcase name="executeTestcase01" time="12.232" classname="com.planittesting.tests.TestCase_01"/>
</testsuite> <!-- com.planittesting.tests.TestCase_01 -->
