<?xml version="1.0" encoding="UTF-8"?>
<!-- Generated by org.testng.reporters.JUnitReportReporter -->
<testsuite name="com.planittesting.qa.com.planittesting.qa.AppTest" tests="1" time="0.001" ignored="0" failures="0" timestamp="28 Feb 2021 05:01:06 GMT" skipped="0" hostname="DESKTOP-FNLAPM6" errors="0">
  <testcase name="testApp" time="0.001" classname="com.planittesting.qa.com.planittesting.qa.AppTest"/>
</testsuite> <!-- com.planittesting.qa.com.planittesting.qa.AppTest -->
