<?xml version="1.0" encoding="UTF-8"?>
<!-- Generated by org.testng.reporters.JUnitReportReporter -->
<testsuite name="com.planittesting.tests.TestCase_02" tests="1" time="9.756" ignored="0" failures="0" timestamp="28 Feb 2021 12:30:51 GMT" skipped="0" hostname="DESKTOP-FNLAPM6" errors="0">
  <testcase name="executeTestcase2" time="9.756" classname="com.planittesting.tests.TestCase_02"/>
</testsuite> <!-- com.planittesting.tests.TestCase_02 -->
