<?xml version="1.0" encoding="UTF-8"?>
<!-- Generated by org.testng.reporters.JUnitReportReporter -->
<testsuite name="com.planittesting.tests.TestCase_03" tests="1" time="5.034" ignored="0" failures="0" timestamp="28 Feb 2021 12:30:51 GMT" skipped="0" hostname="DESKTOP-FNLAPM6" errors="0">
  <testcase name="executeTestCase3" time="5.034" classname="com.planittesting.tests.TestCase_03"/>
</testsuite> <!-- com.planittesting.tests.TestCase_03 -->
