<?xml version="1.0" encoding="UTF-8"?>
<!-- Generated by org.testng.reporters.JUnitReportReporter -->
<testsuite name="com.planittesting.tests.TestCase_04" tests="1" time="6.777" ignored="0" failures="0" timestamp="28 Feb 2021 12:30:51 GMT" skipped="0" hostname="DESKTOP-FNLAPM6" errors="0">
  <testcase name="executeTestCase4" time="6.777" classname="com.planittesting.tests.TestCase_04"/>
</testsuite> <!-- com.planittesting.tests.TestCase_04 -->
